mysql> create database winery_db
    -> ;
mysql> use cybosaur
Reading table information for completion of table and column names
You can turn off this feature to get a quicker startup with -A

Database changed
mysql> show tables;
+--------------------+
| Tables_in_cybosaur |
+--------------------+
| departments        |
| dept_emp           |
| dept_manager       |
| employees          |
| mySalary           |
| salaries           |
| titles             |
+--------------------+
7 rows in set (0.00 sec)

mysql> create table store (ID_Store int, Name varchar(30), Phone int, Address varchar(30), city varchar(30), zip int, state varchar(2));
Query OK, 0 rows affected (0.10 sec)

mysql> describe store
    -> ;
+----------+-------------+------+-----+---------+-------+
| Field    | Type        | Null | Key | Default | Extra |
+----------+-------------+------+-----+---------+-------+
| ID_Store | int(11)     | YES  |     | NULL    |       |
| Name     | varchar(30) | YES  |     | NULL    |       |
| Phone    | int(11)     | YES  |     | NULL    |       |
| Address  | varchar(30) | YES  |     | NULL    |       |
| city     | varchar(30) | YES  |     | NULL    |       |
| zip      | int(11)     | YES  |     | NULL    |       |
| state    | varchar(2)  | YES  |     | NULL    |       |
+----------+-------------+------+-----+---------+-------+
7 rows in set (0.00 sec)

mysql> create table Merchandiser (ID_Emp int, HourlyPay int, AutoIns varchar(30));
Query OK, 0 rows affected (0.10 sec)

mysql> create table Wine (ID_Item int, PriceSells int, Vintage int, Type varchar(30));
Query OK, 0 rows affected (0.11 sec)

mysql> create table Food (FoodName varchar(30), Price int);
Query OK, 0 rows affected (0.12 sec)

mysql> create table Location (Address varchar(30),  city varchar(30), zip int, state varchar(2), Phone int, Hours varchar(20));
Query OK, 0 rows affected (0.34 sec)

mysql> show tables;
+--------------------+
| Tables_in_cybosaur |
+--------------------+
| Food               |
| Location           |
| Merchandiser       |
| Wine               |
| departments        |
| dept_emp           |
| dept_manager       |
| employees          |
| mySalary           |
| salaries           |
| store              |
| titles             |
+--------------------+
12 rows in set (0.01 sec)

mysql> create table Employee (ID_Emp int, Address varchar(30), City varchar(30), Zip int, State varchar(2), Phone int, Name varchar(30), Gender char, StartDate date);
Query OK, 0 rows affected (0.08 sec)

mysql> show tables;
+--------------------+
| Tables_in_cybosaur |
+--------------------+
| Employee           |
| Food               |
| Location           |
| Merchandiser       |
| Wine               |
| departments        |
| dept_emp           |
| dept_manager       |
| employees          |
| mySalary           |
| salaries           |
| store              |
| titles             |
+--------------------+
13 rows in set (0.00 sec)

mysql> create table Manager (ID_Emp int, Salary int, BenefitsCode int);
Query OK, 0 rows affected (0.06 sec)

mysql> create table Sommelier ( ID_Emp int, AlcCert int, HourlPay float);
Query OK, 0 rows affected (0.06 sec)

mysql> show tables;
+--------------------+
| Tables_in_cybosaur |
+--------------------+
| Employee           |
| Food               |
| Location           |
| Manager            |
| Merchandiser       |
| Sommelier          |
| Wine               |
| departments        |
| dept_emp           |
| dept_manager       |
| employees          |
| mySalary           |
| salaries           |
| store              |
| titles             |
+--------------------+
15 rows in set (0.00 sec)

mysql> alter table store rename to Store;
Query OK, 0 rows affected (0.04 sec)

mysql> show tables;
+--------------------+
| Tables_in_cybosaur |
+--------------------+
| Employee           |
| Food               |
| Location           |
| Manager            |
| Merchandiser       |
| Sommelier          |
| Store              |
| Wine               |
| departments        |
| dept_emp           |
| dept_manager       |
| employees          |
| mySalary           |
| salaries           |
| titles             |
+--------------------+
15 rows in set (0.00 sec)

